2024-10-08 00:40:00,119 - services - INFO: Посчитана сумма кэшбека по категориям
2024-10-08 00:40:00,119 - services - INFO: Посчитана сумма кэшбека по кате2024-10-08 00:40:00,134 - utils - INFO: файл перекодирован в список словарей
2024-10-08 00:40:00,150 - utils - INFO: Транзакции в списке отфильтрованы по датам от 2023-06-01 00:00:00 до 2023-06-21 00:00:00
2024-10-08 00:40:00,150 - utils - INFO: Транзакции в списке отфильтрованы по датам от 2023-05-01 00:00:00 до 2023-05-16 00:00:00
2024-10-08 00:40:00,150 - utils - INFO: Приветствие утра выполнено
2024-10-08 00:40:00,166 - utils - INFO: Приветствие дня выполнено
2024-10-08 00:40:00,166 - utils - INFO: Приветствие вечера выполнено
2024-10-08 00:40:00,166 - utils - INFO: Приветствие ночи выполнено
2024-10-08 00:40:00,181 - utils - INFO: кэшбек и суммы по картам посчитаны
2024-10-08 00:40:00,181 - utils - INFO: получен словарь по тратам и кешбеку по каждой карте
2024-10-08 00:40:00,181 - utils - INFO: кэшбек и суммы по картам посчитаны
2024-10-08 00:40:00,181 - utils - INFO: получен словарь по тратам и кешбеку по каждой карте
2024-10-08 00:40:00,181 - utils - INFO: кэшбек и суммы по картам посчитаны
2024-10-08 00:40:00,181 - utils - INFO: получен словарь по тратам и кешбеку по каждой карте
2024-10-08 00:40:00,181 - utils - INFO: кэшбек и суммы по картам посчитаны
2024-10-08 00:40:00,181 - utils - INFO: получен словарь по тратам и кешбеку по каждой карте
2024-10-08 00:40:00,181 - utils - INFO: кэшбек и суммы по картам посчитаны
2024-10-08 00:40:00,181 - utils - INFO: получен словарь по тратам и кешбеку по каждой карте
2024-10-08 00:40:00,197 - utils - INFO: Выделено топ 5 больших транзакций
2024-10-08 00:40:00,197 - utils - INFO: Выделено топ 5 больших транзакций
2024-10-08 00:40:00,197 - utils - INFO: Выделено топ 5 больших транзакций
2024-10-08 00:40:00,197 - utils - INFO: Выделено топ 5 больших транзакций
2024-10-08 00:40:00,212 - utils - INFO: Выделено топ 5 больших транзакций
2024-10-08 00:40:00,228 - utils - INFO: Выполнен запрос на курс валют
2024-10-08 00:40:00,228 - utils - INFO: Получен ответ от api курса валют: {'conversion_rates': {'RUB': 75.0}}
2024-10-08 00:40:00,228 - utils - INFO: Выполнен запрос на курс валют
2024-10-08 00:40:00,228 - utils - INFO: Получен ответ от api курса валют: {'conversion_rates': {'RUB': 90.0}}
2024-10-08 00:40:00,228 - utils - INFO: Курсы валют созданы
2024-10-08 00:40:00,244 - utils - INFO: Выполнен запрос на курс валют
2024-10-08 00:40:00,244 - utils - INFO: Получен ответ от api курса валют: {'conversion_rates': {'RUB': 75.0}}
2024-10-08 00:40:00,244 - utils - INFO: Выполнен запрос на курс валют
2024-10-08 00:40:00,244 - utils - ERROR: Ошибка api запроса 404, Not Found
2024-10-08 00:40:00,244 - utils - INFO: Курсы валют созданы
2024-10-08 00:40:00,244 - utils - INFO: Выполнен запрос на курс валют
2024-10-08 00:40:00,244 - utils - ERROR: Ошибка api запроса 500, Server Error
2024-10-08 00:40:00,244 - utils - INFO: Выполнен запрос на курс валют
2024-10-08 00:40:00,244 - utils - ERROR: Ошибка api запроса 500, Server Error
2024-10-08 00:40:00,244 - utils - INFO: Курсы валют созданы
2024-10-08 00:40:00,259 - utils - INFO: Выполнен запрос на курс акций
2024-10-08 00:40:00,259 - utils - INFO: Получен ответ от api курса акций: {'Time Series (Daily)': {'2023-06-19': {'4. close': '150.0'}}}
2024-10-08 00:40:00,259 - utils - INFO: Выполнен запрос на курс акций
2024-10-08 00:40:00,259 - utils - INFO: Получен ответ от api курса акций: {'Time Series (Daily)': {'2023-06-19': {'4. close': '3000.0'}}}
2024-10-08 00:40:00,259 - utils - INFO: Стоимость акций создана
2024-10-08 00:40:00,259 - utils - INFO: Выполнен запрос на курс акций
2024-10-08 00:40:00,259 - utils - INFO: Получен ответ от api курса акций: {'Time Series (Daily)': {'2023-06-19': {'4. close': '150.0'}}}
2024-10-08 00:40:00,259 - utils - INFO: Выполнен запрос на курс акций
2024-10-08 00:40:00,259 - utils - ERROR: Ошибка api запроса 404, Not Found
2024-10-08 00:40:00,259 - utils - INFO: Стоимость акций создана
2024-10-08 00:40:00,275 - utils - INFO: Выполнен запрос на курс акций
2024-10-08 00:40:00,275 - utils - ERROR: Ошибка api запроса 500, Server Error
2024-10-08 00:40:00,275 - utils - INFO: Выполнен запрос на курс акций
2024-10-08 00:40:00,275 - utils - ERROR: Ошибка api запроса 500, Server Error
2024-10-08 00:40:00,275 - utils - INFO: Стоимость акций создана
